Vercel CLI 50.22.1
Retrieving project…
Deploying carlooliveras-projects/focaccia-delivery
Uploading [--------------------] (0.0B/92B)
Uploading [====================] (92.0B/92B)
Inspect: https://vercel.com/carlooliveras-projects/focaccia-delivery/6WSBqev5Lk7qQEN4mnWoqBtA8mcN [2s]
Production: https://focaccia-delivery-klaonralz-carlooliveras-projects.vercel.app [2s]
https://focaccia-delivery-klaonralz-carlooliveras-projects.vercel.appBuilding...
Building...
Building: Running build in Washington, D.C., USA (East) – iad1
Building: Build machine configuration: 2 cores, 8 GB
Building: Retrieving list of deployment files...
Building: Previous build caches not available.
Building: Downloading 89 deployment files...
Building: Running "vercel build"
Building: Vercel CLI 50.23.2
Building: Installing dependencies...
Building: npm warn deprecated prebuild-install@7.1.3: No longer maintained. Please contact the author of the relevant native addon; alternatives are available.
Building: npm warn deprecated node-domexception@1.0.0: Use your platform's native DOMException instead
Building: > focaccia-delivery@0.1.0 postinstall
Building: > prisma generate
Building: Loaded Prisma config from prisma.config.ts.
Building: Prisma schema loaded from prisma/schema.prisma.
Building: ✔ Generated Prisma Client (v7.4.2) to ./src/lib/generated/prisma in 171ms
Building: Start by importing your Prisma Client (See: https://pris.ly/d/importing-client)
Building: added 836 packages in 25s
Building: 255 packages are looking for funding
Building: run `npm fund` for details
Building: Detected Next.js version: 16.1.6
Building: Running "npm run build"
Building: > focaccia-delivery@0.1.0 build
Building: > prisma generate && next build
Building: Loaded Prisma config from prisma.config.ts.
Building: Prisma schema loaded from prisma/schema.prisma.
Building: ✔ Generated Prisma Client (v7.4.2) to ./src/lib/generated/prisma in 110ms
Building: Start by importing your Prisma Client (See: https://pris.ly/d/importing-client)
Building: Attention: Next.js now collects completely anonymous telemetry regarding usage.
Building: This information is used to shape Next.js' roadmap and prioritize features.
Building: You can learn more, including how to opt-out if you'd not like to participate in this anonymous program, by visiting the following URL:
Building: https://nextjs.org/telemetry
Building: ▲ Next.js 16.1.6 (Turbopack)
Building: - Environments: .env
Building: ⚠ The "middleware" file convention is deprecated. Please use "proxy" instead. Learn more: https://nextjs.org/docs/messages/middleware-to-proxy
Building: Creating an optimized production build ...
Building: ✓ Compiled successfully in 11.6s
Building: Running TypeScript ...
Building: Collecting page data using 1 worker ...
Building: > Build error occurred
Building: Error: The file "./src/middleware.ts" must export a function, either as a default export or as a named "middleware" export.
Building: This function is what Next.js runs for every request handled by this middleware.
Building: Why this happens:
Building: - The file exists but doesn't export a function.
Building: - The export is not a function (e.g., an object or constant).
Building: - There's a syntax error preventing the export from being recognized.
Building: To fix it:
Building: - Ensure this file has either a default or "middleware" function export.
Building: Learn more: https://nextjs.org/docs/messages/middleware-to-proxy
Building: at ignore-listed frames
Building: Error: Command "npm run build" exited with 1
Error: Command "npm run build" exited with 1
