node.exe : Vercel 
CLI 50.22.1
En C:\Users\Usuario\A
ppData\Roaming\npm\ve
rcel.ps1: 24 
Carácter: 5
+     & "node$exe"  "
$basedir/node_modules
/vercel/dist/vc.js" 
$args
+     ~~~~~~~~~~~~~~~
~~~~~~~~~~~~~~~~~~~~~
~~~~~~~~~~~~~~~~~~~~~
~~~~
    + CategoryInfo   
           : NotSpe  
  cified: (Vercel    
 CLI 50.22.1:Stri    
ng) [], RemoteEx    
ception
    + FullyQualified 
   ErrorId : Native  
  CommandError
 
Retrieving projectÔÇª
Deploying carlooliver
as-projects/focaccia-
delivery
Uploading [----------
----------] 
(0.0B/26.9KB)
Uploading [=====-----
----------] 
(6.9KB/26.9KB)
Uploading [==========
=---------] 
(15.5KB/26.9KB)
Uploading [==========
======----] 
(22.0KB/26.9KB)
Uploading [==========
==========] 
(26.9KB/26.9KB)
Inspect: https://verc
el.com/carlooliveras-
projects/focaccia-del
ivery/2wy1i4HY8tGary4
geMyRTeaxk2zX [3s]
Production: https://f
ocaccia-delivery-qaqp
1bzz1-carlooliveras-p
rojects.vercel.app 
[3s]
Building...
Building...
Building: Running 
build in Washington, 
D.C., USA (East) ÔÇô 
iad1
Building: Build 
machine 
configuration: 2 
cores, 8 GB
Building: Retrieving 
list of deployment 
files...
Building: 
Downloading 101 
deployment files...
Building: Restored 
build cache from 
previous deployment (
CoU9sJAYCuVPCPmjoLCHL
TJeJ3Yz)
Building: Running 
"vercel build"
Building: Vercel CLI 
50.23.2
Building: Installing 
dependencies...
Building: > focaccia-
delivery@0.1.0 
postinstall
Building: > prisma 
generate
Building: Loaded 
Prisma config from 
prisma.config.ts.
Building: Prisma 
schema loaded from 
prisma/schema.prisma.
Building: Ô£ö 
Generated Prisma 
Client (v7.4.2) to ./
src/lib/generated/pri
sma in 150ms
Building: Start by 
importing your 
Prisma Client (See: h
ttps://pris.ly/d/impo
rting-client)
Building: up to date 
in 3s
Building: 255 
packages are looking 
for funding
Building: run `npm 
fund` for details
Building: Detected 
Next.js version: 
16.1.6
Building: Running 
"npm run build"
Building: > focaccia-
delivery@0.1.0 build
Building: > prisma 
generate && next 
build
Building: Loaded 
Prisma config from 
prisma.config.ts.
Building: Prisma 
schema loaded from 
prisma/schema.prisma.
Building: Ô£ö 
Generated Prisma 
Client (v7.4.2) to ./
src/lib/generated/pri
sma in 124ms
Building: Start by 
importing your 
Prisma Client (See: h
ttps://pris.ly/d/impo
rting-client)
Building: Ôû▓ 
Next.js 16.1.6 
(Turbopack)
Building: - 
Environments: .env
Building: ÔÜá The 
"middleware" file 
convention is 
deprecated. Please 
use "proxy" instead. 
Learn more: https://n
extjs.org/docs/messag
es/middleware-to-prox
y
Building: Creating 
an optimized 
production build ...
Building: Ô£ô 
Compiled 
successfully in 12.6s
Building: Running 
TypeScript ...
Building: Collecting 
page data using 1 
worker ...
Building: Generating 
static pages using 1 
worker (0/6) ...
Building: Generating 
static pages using 1 
worker (1/6)
Building: Generating 
static pages using 1 
worker (2/6)
Building: Generating 
static pages using 1 
worker (4/6)
Building: Ô£ô 
Generating static 
pages using 1 worker 
(6/6) in 172.1ms
Building: Finalizing 
page optimization ...
Building: Route (app)
Building: Ôöî ãÆ /
Building: Ôö£ Ôùï 
/_not-found
Building: Ôö£ ãÆ 
/admin
Building: Ôö£ ãÆ 
/admin/config
Building: Ôö£ ãÆ 
/admin/menu
Building: Ôö£ ãÆ 
/admin/pedidos
Building: Ôö£ ãÆ /api
/auth/[...nextauth]
Building: Ôö£ ãÆ 
/confirmado
Building: Ôö£ Ôùï 
/login
Building: Ôö£ ãÆ 
/menu
Building: Ôöö Ôùï 
/pedido
Building: ãÆ Proxy 
(Middleware)
Building: Ôùï  
(Static)   
prerendered as 
static content
Building: ãÆ  
(Dynamic)  
server-rendered on 
demand
Building: Traced 
Next.js server files 
in: 36.418ms
Building: Created 
all serverless 
functions in: 
248.667ms
Building: Collected 
static files 
(public/, static/, 
.next/static): 
4.183ms
Building: Build 
Completed in 
/vercel/output [27s]
Building: Deploying 
outputs...
[2K[1A[2K[GProduc
tion: https://focacci
a-delivery-qaqp1bzz1-
carlooliveras-project
s.vercel.app [45s]
Completing...
Aliased: https://foca
ccia-delivery.vercel.
app [45s]
https://focaccia-delivery-qaqp1bzz1-carlooliveras-projects.vercel.app
